{"C:\\Users\\aleck\\individuell-examination-tester\\strajk-bowling\\src\\assets\\navicon.svg": {"path":"C:\\Users\\aleck\\individuell-examination-tester\\strajk-bowling\\src\\assets\\navicon.svg","statementMap":{},"fnMap":{},"branchMap":{},"s":{},"f":{},"b":{},"meta":{"lastBranch":0,"lastFunction":0,"lastStatement":0,"seen":{}}}
,"C:\\Users\\aleck\\individuell-examination-tester\\strajk-bowling\\src\\assets\\strajk-logo.svg": {"path":"C:\\Users\\aleck\\individuell-examination-tester\\strajk-bowling\\src\\assets\\strajk-logo.svg","statementMap":{},"fnMap":{},"branchMap":{},"s":{},"f":{},"b":{},"meta":{"lastBranch":0,"lastFunction":0,"lastStatement":0,"seen":{}}}
,"C:\\Users\\aleck\\individuell-examination-tester\\strajk-bowling\\src\\components\\BookingInfo\\BookingInfo.jsx": {"path":"C:\\Users\\aleck\\individuell-examination-tester\\strajk-bowling\\src\\components\\BookingInfo\\BookingInfo.jsx","statementMap":{"0":{"start":{"line":6,"column":2},"end":{"line":44,"column":null}}},"fnMap":{"0":{"name":"BookingInfo","decl":{"start":{"line":5,"column":9},"end":{"line":5,"column":21}},"loc":{"start":{"line":5,"column":47},"end":{"line":46,"column":null}},"line":5}},"branchMap":{},"s":{"0":83},"f":{"0":83},"b":{},"meta":{"lastBranch":0,"lastFunction":1,"lastStatement":1,"seen":{"f:5:9:5:21":0,"s:6:2:44:Infinity":0}}}
,"C:\\Users\\aleck\\individuell-examination-tester\\strajk-bowling\\src\\components\\BookingInfo\\BookingInfo.scss": {"path":"C:\\Users\\aleck\\individuell-examination-tester\\strajk-bowling\\src\\components\\BookingInfo\\BookingInfo.scss","statementMap":{},"fnMap":{},"branchMap":{},"s":{},"f":{},"b":{},"meta":{"lastBranch":0,"lastFunction":0,"lastStatement":0,"seen":{}}}
,"C:\\Users\\aleck\\individuell-examination-tester\\strajk-bowling\\src\\components\\ErrorMessage\\ErrorMessage.jsx": {"path":"C:\\Users\\aleck\\individuell-examination-tester\\strajk-bowling\\src\\components\\ErrorMessage\\ErrorMessage.jsx","statementMap":{"0":{"start":{"line":4,"column":2},"end":{"line":7,"column":null}}},"fnMap":{"0":{"name":"ErrorMessage","decl":{"start":{"line":3,"column":9},"end":{"line":3,"column":22}},"loc":{"start":{"line":3,"column":35},"end":{"line":9,"column":null}},"line":3}},"branchMap":{},"s":{"0":5},"f":{"0":5},"b":{},"meta":{"lastBranch":0,"lastFunction":1,"lastStatement":1,"seen":{"f:3:9:3:22":0,"s:4:2:7:Infinity":0}}}
,"C:\\Users\\aleck\\individuell-examination-tester\\strajk-bowling\\src\\components\\ErrorMessage\\ErrorMessage.scss": {"path":"C:\\Users\\aleck\\individuell-examination-tester\\strajk-bowling\\src\\components\\ErrorMessage\\ErrorMessage.scss","statementMap":{},"fnMap":{},"branchMap":{},"s":{},"f":{},"b":{},"meta":{"lastBranch":0,"lastFunction":0,"lastStatement":0,"seen":{}}}
,"C:\\Users\\aleck\\individuell-examination-tester\\strajk-bowling\\src\\components\\Input\\Input.jsx": {"path":"C:\\Users\\aleck\\individuell-examination-tester\\strajk-bowling\\src\\components\\Input\\Input.jsx","statementMap":{"0":{"start":{"line":17,"column":8},"end":{"line":17,"column":null}},"1":{"start":{"line":17,"column":26},"end":{"line":17,"column":42}},"2":{"start":{"line":18,"column":2},"end":{"line":33,"column":null}}},"fnMap":{"0":{"name":"Input","decl":{"start":{"line":6,"column":9},"end":{"line":6,"column":15}},"loc":{"start":{"line":15,"column":3},"end":{"line":35,"column":null}},"line":15},"1":{"name":"(anonymous_1)","decl":{"start":{"line":17,"column":26},"end":{"line":17,"column":32}},"loc":{"start":{"line":17,"column":26},"end":{"line":17,"column":42}},"line":17}},"branchMap":{"0":{"loc":{"start":{"line":26,"column":35},"end":{"line":26,"column":65}},"type":"cond-expr","locations":[{"start":{"line":26,"column":49},"end":{"line":26,"column":63}},{"start":{"line":26,"column":63},"end":{"line":26,"column":65}}],"line":26},"1":{"loc":{"start":{"line":29,"column":22},"end":{"line":29,"column":null}},"type":"cond-expr","locations":[{"start":{"line":29,"column":37},"end":{"line":29,"column":52}},{"start":{"line":29,"column":52},"end":{"line":29,"column":null}}],"line":29}},"s":{"0":453,"1":56,"2":453},"f":{"0":453,"1":56},"b":{"0":[370,83],"1":[0,453]},"meta":{"lastBranch":2,"lastFunction":2,"lastStatement":3,"seen":{"f:6:9:6:15":0,"s:17:8:17:Infinity":0,"f:17:26:17:32":1,"s:17:26:17:42":1,"s:18:2:33:Infinity":2,"b:26:49:26:63:26:63:26:65":0,"b:29:37:29:52:29:52:29:Infinity":1}}}
,"C:\\Users\\aleck\\individuell-examination-tester\\strajk-bowling\\src\\components\\Input\\Input.scss": {"path":"C:\\Users\\aleck\\individuell-examination-tester\\strajk-bowling\\src\\components\\Input\\Input.scss","statementMap":{},"fnMap":{},"branchMap":{},"s":{},"f":{},"b":{},"meta":{"lastBranch":0,"lastFunction":0,"lastStatement":0,"seen":{}}}
,"C:\\Users\\aleck\\individuell-examination-tester\\strajk-bowling\\src\\components\\Navigation\\Navigation.jsx": {"path":"C:\\Users\\aleck\\individuell-examination-tester\\strajk-bowling\\src\\components\\Navigation\\Navigation.jsx","statementMap":{"0":{"start":{"line":7,"column":10},"end":{"line":7,"column":null}},"1":{"start":{"line":8,"column":32},"end":{"line":8,"column":null}},"2":{"start":{"line":10,"column":4},"end":{"line":18,"column":null}},"3":{"start":{"line":13,"column":30},"end":{"line":13,"column":53}},"4":{"start":{"line":15,"column":30},"end":{"line":15,"column":44}},"5":{"start":{"line":17,"column":30},"end":{"line":17,"column":56}}},"fnMap":{"0":{"name":"Navigation","decl":{"start":{"line":6,"column":9},"end":{"line":6,"column":22}},"loc":{"start":{"line":6,"column":22},"end":{"line":20,"column":null}},"line":6},"1":{"name":"(anonymous_1)","decl":{"start":{"line":13,"column":22},"end":{"line":13,"column":28}},"loc":{"start":{"line":13,"column":28},"end":{"line":13,"column":56}},"line":13},"2":{"name":"(anonymous_2)","decl":{"start":{"line":15,"column":22},"end":{"line":15,"column":28}},"loc":{"start":{"line":15,"column":28},"end":{"line":15,"column":47}},"line":15},"3":{"name":"(anonymous_3)","decl":{"start":{"line":17,"column":22},"end":{"line":17,"column":28}},"loc":{"start":{"line":17,"column":28},"end":{"line":17,"column":59}},"line":17}},"branchMap":{"0":{"loc":{"start":{"line":11,"column":40},"end":{"line":11,"column":68}},"type":"cond-expr","locations":[{"start":{"line":11,"column":51},"end":{"line":11,"column":65}},{"start":{"line":11,"column":65},"end":{"line":11,"column":68}}],"line":11},"1":{"loc":{"start":{"line":14,"column":57},"end":{"line":14,"column":80}},"type":"cond-expr","locations":[{"start":{"line":14,"column":68},"end":{"line":14,"column":73}},{"start":{"line":14,"column":73},"end":{"line":14,"column":80}}],"line":14},"2":{"loc":{"start":{"line":16,"column":57},"end":{"line":16,"column":80}},"type":"cond-expr","locations":[{"start":{"line":16,"column":68},"end":{"line":16,"column":73}},{"start":{"line":16,"column":73},"end":{"line":16,"column":80}}],"line":16}},"s":{"0":83,"1":83,"2":83,"3":0,"4":0,"5":0},"f":{"0":83,"1":0,"2":0,"3":0},"b":{"0":[0,83],"1":[0,83],"2":[0,83]},"meta":{"lastBranch":3,"lastFunction":4,"lastStatement":6,"seen":{"f:6:9:6:22":0,"s:7:10:7:Infinity":0,"s:8:32:8:Infinity":1,"s:10:4:18:Infinity":2,"b:11:51:11:65:11:65:11:68":0,"f:13:22:13:28":1,"s:13:30:13:53":3,"b:14:68:14:73:14:73:14:80":1,"f:15:22:15:28":2,"s:15:30:15:44":4,"b:16:68:16:73:16:73:16:80":2,"f:17:22:17:28":3,"s:17:30:17:56":5}}}
,"C:\\Users\\aleck\\individuell-examination-tester\\strajk-bowling\\src\\components\\Navigation\\Navigation.scss": {"path":"C:\\Users\\aleck\\individuell-examination-tester\\strajk-bowling\\src\\components\\Navigation\\Navigation.scss","statementMap":{},"fnMap":{},"branchMap":{},"s":{},"f":{},"b":{},"meta":{"lastBranch":0,"lastFunction":0,"lastStatement":0,"seen":{}}}
,"C:\\Users\\aleck\\individuell-examination-tester\\strajk-bowling\\src\\components\\Shoes\\Shoes.jsx": {"path":"C:\\Users\\aleck\\individuell-examination-tester\\strajk-bowling\\src\\components\\Shoes\\Shoes.jsx","statementMap":{"0":{"start":{"line":7,"column":20},"end":{"line":31,"column":null}},"1":{"start":{"line":8,"column":18},"end":{"line":8,"column":null}},"2":{"start":{"line":10,"column":6},"end":{"line":27,"column":null}},"3":{"start":{"line":22,"column":12},"end":{"line":22,"column":null}},"4":{"start":{"line":30,"column":4},"end":{"line":30,"column":null}},"5":{"start":{"line":33,"column":2},"end":{"line":47,"column":null}},"6":{"start":{"line":42,"column":10},"end":{"line":42,"column":null}}},"fnMap":{"0":{"name":"Shoes","decl":{"start":{"line":6,"column":9},"end":{"line":6,"column":15}},"loc":{"start":{"line":6,"column":59},"end":{"line":49,"column":null}},"line":6},"1":{"name":"(anonymous_1)","decl":{"start":{"line":7,"column":30},"end":{"line":7,"column":31}},"loc":{"start":{"line":7,"column":48},"end":{"line":31,"column":3}},"line":7},"2":{"name":"(anonymous_2)","decl":{"start":{"line":21,"column":19},"end":{"line":21,"column":25}},"loc":{"start":{"line":21,"column":25},"end":{"line":23,"column":null}},"line":21},"3":{"name":"(anonymous_3)","decl":{"start":{"line":41,"column":17},"end":{"line":41,"column":23}},"loc":{"start":{"line":41,"column":23},"end":{"line":43,"column":null}},"line":41}},"branchMap":{},"s":{"0":83,"1":121,"2":121,"3":1,"4":121,"5":83,"6":20},"f":{"0":83,"1":121,"2":1,"3":20},"b":{},"meta":{"lastBranch":0,"lastFunction":4,"lastStatement":7,"seen":{"f:6:9:6:15":0,"s:7:20:31:Infinity":0,"f:7:30:7:31":1,"s:8:18:8:Infinity":1,"s:10:6:27:Infinity":2,"f:21:19:21:25":2,"s:22:12:22:Infinity":3,"s:30:4:30:Infinity":4,"s:33:2:47:Infinity":5,"f:41:17:41:23":3,"s:42:10:42:Infinity":6}}}
,"C:\\Users\\aleck\\individuell-examination-tester\\strajk-bowling\\src\\components\\Shoes\\Shoes.scss": {"path":"C:\\Users\\aleck\\individuell-examination-tester\\strajk-bowling\\src\\components\\Shoes\\Shoes.scss","statementMap":{},"fnMap":{},"branchMap":{},"s":{},"f":{},"b":{},"meta":{"lastBranch":0,"lastFunction":0,"lastStatement":0,"seen":{}}}
,"C:\\Users\\aleck\\individuell-examination-tester\\strajk-bowling\\src\\components\\Top\\Top.jsx": {"path":"C:\\Users\\aleck\\individuell-examination-tester\\strajk-bowling\\src\\components\\Top\\Top.jsx","statementMap":{"0":{"start":{"line":5,"column":4},"end":{"line":9,"column":null}}},"fnMap":{"0":{"name":"Top","decl":{"start":{"line":4,"column":9},"end":{"line":4,"column":13}},"loc":{"start":{"line":4,"column":24},"end":{"line":11,"column":null}},"line":4}},"branchMap":{},"s":{"0":83},"f":{"0":83},"b":{},"meta":{"lastBranch":0,"lastFunction":1,"lastStatement":1,"seen":{"f:4:9:4:13":0,"s:5:4:9:Infinity":0}}}
,"C:\\Users\\aleck\\individuell-examination-tester\\strajk-bowling\\src\\components\\Top\\Top.scss": {"path":"C:\\Users\\aleck\\individuell-examination-tester\\strajk-bowling\\src\\components\\Top\\Top.scss","statementMap":{},"fnMap":{},"branchMap":{},"s":{},"f":{},"b":{},"meta":{"lastBranch":0,"lastFunction":0,"lastStatement":0,"seen":{}}}
,"C:\\Users\\aleck\\individuell-examination-tester\\strajk-bowling\\src\\mocks\\handlers.js": {"path":"C:\\Users\\aleck\\individuell-examination-tester\\strajk-bowling\\src\\mocks\\handlers.js","statementMap":{"0":{"start":{"line":4,"column":2},"end":{"line":4,"column":67}},"1":{"start":{"line":6,"column":24},"end":{"line":20,"column":1}},"2":{"start":{"line":8,"column":29},"end":{"line":16,"column":5}},"3":{"start":{"line":18,"column":4},"end":{"line":18,"column":64}}},"fnMap":{"0":{"name":"(anonymous_0)","decl":{"start":{"line":7,"column":21},"end":{"line":7,"column":26}},"loc":{"start":{"line":7,"column":44},"end":{"line":19,"column":3}},"line":7}},"branchMap":{},"s":{"0":1,"1":1,"2":0,"3":0},"f":{"0":0},"b":{},"meta":{"lastBranch":0,"lastFunction":1,"lastStatement":4,"seen":{"s:4:2:4:67":0,"s:6:24:20:1":1,"f:7:21:7:26":0,"s:8:29:16:5":2,"s:18:4:18:64":3}}}
,"C:\\Users\\aleck\\individuell-examination-tester\\strajk-bowling\\src\\mocks\\server.js": {"path":"C:\\Users\\aleck\\individuell-examination-tester\\strajk-bowling\\src\\mocks\\server.js","statementMap":{"0":{"start":{"line":5,"column":21},"end":{"line":5,"column":46}}},"fnMap":{},"branchMap":{},"s":{"0":1},"f":{},"b":{},"meta":{"lastBranch":0,"lastFunction":0,"lastStatement":1,"seen":{"s:5:21:5:46":0}}}
,"C:\\Users\\aleck\\individuell-examination-tester\\strajk-bowling\\src\\mocks\\testUtils.js": {"path":"C:\\Users\\aleck\\individuell-examination-tester\\strajk-bowling\\src\\mocks\\testUtils.js","statementMap":{"0":{"start":{"line":5,"column":44},"end":{"line":5,"column":76}},"1":{"start":{"line":6,"column":41},"end":{"line":6,"column":78}},"2":{"start":{"line":8,"column":2},"end":{"line":8,"column":55}},"3":{"start":{"line":9,"column":42},"end":{"line":9,"column":72}},"4":{"start":{"line":10,"column":32},"end":{"line":10,"column":46}},"5":{"start":{"line":13,"column":34},"end":{"line":17,"column":1}},"6":{"start":{"line":21,"column":20},"end":{"line":21,"column":50}},"7":{"start":{"line":22,"column":20},"end":{"line":22,"column":50}},"8":{"start":{"line":23,"column":22},"end":{"line":23,"column":63}},"9":{"start":{"line":24,"column":21},"end":{"line":24,"column":52}},"10":{"start":{"line":26,"column":2},"end":{"line":26,"column":43}},"11":{"start":{"line":27,"column":2},"end":{"line":27,"column":38}},"12":{"start":{"line":29,"column":2},"end":{"line":29,"column":32}},"13":{"start":{"line":30,"column":2},"end":{"line":30,"column":67}},"14":{"start":{"line":30,"column":21},"end":{"line":30,"column":67}},"15":{"start":{"line":31,"column":2},"end":{"line":31,"column":31}},"16":{"start":{"line":32,"column":2},"end":{"line":32,"column":62}},"17":{"start":{"line":32,"column":19},"end":{"line":32,"column":62}},"18":{"start":{"line":37,"column":22},"end":{"line":37,"column":63}},"19":{"start":{"line":38,"column":21},"end":{"line":38,"column":52}},"20":{"start":{"line":39,"column":24},"end":{"line":39,"column":65}},"21":{"start":{"line":41,"column":2},"end":{"line":41,"column":64}},"22":{"start":{"line":42,"column":2},"end":{"line":42,"column":59}},"23":{"start":{"line":43,"column":2},"end":{"line":43,"column":32}},"24":{"start":{"line":44,"column":2},"end":{"line":44,"column":36}},"25":{"start":{"line":45,"column":2},"end":{"line":45,"column":31}},"26":{"start":{"line":46,"column":2},"end":{"line":46,"column":35}},"27":{"start":{"line":48,"column":2},"end":{"line":50,"column":3}},"28":{"start":{"line":48,"column":15},"end":{"line":48,"column":16}},"29":{"start":{"line":49,"column":4},"end":{"line":49,"column":36}},"30":{"start":{"line":52,"column":21},"end":{"line":52,"column":59}},"31":{"start":{"line":54,"column":2},"end":{"line":56,"column":5}},"32":{"start":{"line":55,"column":4},"end":{"line":55,"column":39}},"33":{"start":{"line":58,"column":2},"end":{"line":58,"column":39}},"34":{"start":{"line":59,"column":2},"end":{"line":59,"column":39}},"35":{"start":{"line":60,"column":2},"end":{"line":60,"column":39}},"36":{"start":{"line":61,"column":2},"end":{"line":61,"column":39}}},"fnMap":{"0":{"name":"bookingDetailsMinimum","decl":{"start":{"line":20,"column":22},"end":{"line":20,"column":43}},"loc":{"start":{"line":20,"column":74},"end":{"line":33,"column":1}},"line":20},"1":{"name":"bookingDetailsComplete","decl":{"start":{"line":36,"column":22},"end":{"line":36,"column":44}},"loc":{"start":{"line":36,"column":51},"end":{"line":62,"column":1}},"line":36},"2":{"name":"(anonymous_2)","decl":{"start":{"line":54,"column":16},"end":{"line":54,"column":17}},"loc":{"start":{"line":54,"column":22},"end":{"line":56,"column":3}},"line":54}},"branchMap":{"0":{"loc":{"start":{"line":20,"column":50},"end":{"line":20,"column":61}},"type":"default-arg","locations":[{"start":{"line":20,"column":60},"end":{"line":20,"column":61}}],"line":20},"1":{"loc":{"start":{"line":20,"column":63},"end":{"line":20,"column":72}},"type":"default-arg","locations":[{"start":{"line":20,"column":71},"end":{"line":20,"column":72}}],"line":20},"2":{"loc":{"start":{"line":30,"column":2},"end":{"line":30,"column":67}},"type":"if","locations":[{"start":{"line":30,"column":2},"end":{"line":30,"column":67}},{"start":{},"end":{}}],"line":30},"3":{"loc":{"start":{"line":32,"column":2},"end":{"line":32,"column":62}},"type":"if","locations":[{"start":{"line":32,"column":2},"end":{"line":32,"column":62}},{"start":{},"end":{}}],"line":32}},"s":{"0":1,"1":1,"2":1,"3":1,"4":1,"5":1,"6":2,"7":2,"8":2,"9":2,"10":2,"11":2,"12":2,"13":2,"14":2,"15":2,"16":2,"17":2,"18":0,"19":0,"20":0,"21":0,"22":0,"23":0,"24":0,"25":0,"26":0,"27":0,"28":0,"29":0,"30":0,"31":0,"32":0,"33":0,"34":0,"35":0,"36":0},"f":{"0":2,"1":0,"2":0},"b":{"0":[2],"1":[2],"2":[2,0],"3":[2,0]},"meta":{"lastBranch":4,"lastFunction":3,"lastStatement":37,"seen":{"s:5:44:5:76":0,"s:6:41:6:78":1,"s:8:2:8:55":2,"s:9:42:9:72":3,"s:10:32:10:46":4,"s:13:34:17:1":5,"f:20:22:20:43":0,"b:20:60:20:61":0,"b:20:71:20:72":1,"s:21:20:21:50":6,"s:22:20:22:50":7,"s:23:22:23:63":8,"s:24:21:24:52":9,"s:26:2:26:43":10,"s:27:2:27:38":11,"s:29:2:29:32":12,"b:30:2:30:67:undefined:undefined:undefined:undefined":2,"s:30:2:30:67":13,"s:30:21:30:67":14,"s:31:2:31:31":15,"b:32:2:32:62:undefined:undefined:undefined:undefined":3,"s:32:2:32:62":16,"s:32:19:32:62":17,"f:36:22:36:44":1,"s:37:22:37:63":18,"s:38:21:38:52":19,"s:39:24:39:65":20,"s:41:2:41:64":21,"s:42:2:42:59":22,"s:43:2:43:32":23,"s:44:2:44:36":24,"s:45:2:45:31":25,"s:46:2:46:35":26,"s:48:2:50:3":27,"s:48:15:48:16":28,"s:49:4:49:36":29,"s:52:21:52:59":30,"s:54:2:56:5":31,"f:54:16:54:17":2,"s:55:4:55:39":32,"s:58:2:58:39":33,"s:59:2:59:39":34,"s:60:2:60:39":35,"s:61:2:61:39":36}}}
,"C:\\Users\\aleck\\individuell-examination-tester\\strajk-bowling\\src\\views\\Booking.jsx": {"path":"C:\\Users\\aleck\\individuell-examination-tester\\strajk-bowling\\src\\views\\Booking.jsx","statementMap":{"0":{"start":{"line":12,"column":28},"end":{"line":17,"column":null}},"1":{"start":{"line":18,"column":24},"end":{"line":18,"column":null}},"2":{"start":{"line":19,"column":24},"end":{"line":19,"column":null}},"3":{"start":{"line":20,"column":8},"end":{"line":20,"column":null}},"4":{"start":{"line":23,"column":28},"end":{"line":23,"column":null}},"5":{"start":{"line":24,"column":4},"end":{"line":24,"column":null}},"6":{"start":{"line":26,"column":4},"end":{"line":29,"column":null}},"7":{"start":{"line":26,"column":31},"end":{"line":29,"column":6}},"8":{"start":{"line":33,"column":28},"end":{"line":33,"column":null}},"9":{"start":{"line":34,"column":4},"end":{"line":34,"column":null}},"10":{"start":{"line":36,"column":4},"end":{"line":42,"column":null}},"11":{"start":{"line":37,"column":6},"end":{"line":41,"column":null}},"12":{"start":{"line":38,"column":8},"end":{"line":40,"column":null}},"13":{"start":{"line":39,"column":10},"end":{"line":39,"column":null}},"14":{"start":{"line":46,"column":4},"end":{"line":46,"column":null}},"15":{"start":{"line":48,"column":4},"end":{"line":48,"column":null}},"16":{"start":{"line":52,"column":4},"end":{"line":52,"column":null}},"17":{"start":{"line":54,"column":4},"end":{"line":54,"column":null}},"18":{"start":{"line":54,"column":36},"end":{"line":54,"column":52}},"19":{"start":{"line":58,"column":17},"end":{"line":58,"column":null}},"20":{"start":{"line":60,"column":4},"end":{"line":60,"column":null}},"21":{"start":{"line":60,"column":25},"end":{"line":60,"column":74}},"22":{"start":{"line":62,"column":4},"end":{"line":62,"column":null}},"23":{"start":{"line":66,"column":33},"end":{"line":66,"column":null}},"24":{"start":{"line":67,"column":29},"end":{"line":67,"column":null}},"25":{"start":{"line":69,"column":4},"end":{"line":69,"column":null}},"26":{"start":{"line":69,"column":44},"end":{"line":69,"column":null}},"27":{"start":{"line":71,"column":4},"end":{"line":71,"column":null}},"28":{"start":{"line":75,"column":21},"end":{"line":84,"column":null}},"29":{"start":{"line":85,"column":17},"end":{"line":85,"column":null}},"30":{"start":{"line":87,"column":4},"end":{"line":87,"column":null}},"31":{"start":{"line":91,"column":4},"end":{"line":91,"column":null}},"32":{"start":{"line":95,"column":4},"end":{"line":99,"column":null}},"33":{"start":{"line":96,"column":6},"end":{"line":96,"column":null}},"34":{"start":{"line":98,"column":6},"end":{"line":98,"column":null}},"35":{"start":{"line":103,"column":23},"end":{"line":103,"column":null}},"36":{"start":{"line":105,"column":4},"end":{"line":113,"column":null}},"37":{"start":{"line":106,"column":6},"end":{"line":106,"column":null}},"38":{"start":{"line":107,"column":4},"end":{"line":113,"column":null}},"39":{"start":{"line":108,"column":6},"end":{"line":108,"column":null}},"40":{"start":{"line":109,"column":4},"end":{"line":113,"column":null}},"41":{"start":{"line":110,"column":6},"end":{"line":110,"column":null}},"42":{"start":{"line":111,"column":4},"end":{"line":113,"column":null}},"43":{"start":{"line":112,"column":6},"end":{"line":112,"column":null}},"44":{"start":{"line":115,"column":4},"end":{"line":118,"column":null}},"45":{"start":{"line":116,"column":6},"end":{"line":116,"column":null}},"46":{"start":{"line":117,"column":6},"end":{"line":117,"column":null}},"47":{"start":{"line":120,"column":24},"end":{"line":125,"column":null}},"48":{"start":{"line":124,"column":33},"end":{"line":124,"column":42}},"49":{"start":{"line":127,"column":25},"end":{"line":127,"column":null}},"50":{"start":{"line":128,"column":4},"end":{"line":128,"column":null}},"51":{"start":{"line":130,"column":4},"end":{"line":132,"column":null}},"52":{"start":{"line":135,"column":2},"end":{"line":150,"column":null}}},"fnMap":{"0":{"name":"Booking","decl":{"start":{"line":11,"column":9},"end":{"line":11,"column":19}},"loc":{"start":{"line":11,"column":19},"end":{"line":152,"column":null}},"line":11},"1":{"name":"updateBookingDetails","decl":{"start":{"line":22,"column":11},"end":{"line":22,"column":32}},"loc":{"start":{"line":22,"column":39},"end":{"line":30,"column":null}},"line":22},"2":{"name":"(anonymous_2)","decl":{"start":{"line":26,"column":15},"end":{"line":26,"column":16}},"loc":{"start":{"line":26,"column":31},"end":{"line":29,"column":6}},"line":26},"3":{"name":"updateSize","decl":{"start":{"line":32,"column":11},"end":{"line":32,"column":22}},"loc":{"start":{"line":32,"column":29},"end":{"line":43,"column":null}},"line":32},"4":{"name":"(anonymous_4)","decl":{"start":{"line":37,"column":15},"end":{"line":37,"column":16}},"loc":{"start":{"line":38,"column":8},"end":{"line":40,"column":null}},"line":38},"5":{"name":"(anonymous_5)","decl":{"start":{"line":38,"column":22},"end":{"line":38,"column":23}},"loc":{"start":{"line":39,"column":10},"end":{"line":39,"column":null}},"line":39},"6":{"name":"addShoe","decl":{"start":{"line":45,"column":11},"end":{"line":45,"column":19}},"loc":{"start":{"line":45,"column":25},"end":{"line":49,"column":null}},"line":45},"7":{"name":"removeShoe","decl":{"start":{"line":51,"column":11},"end":{"line":51,"column":22}},"loc":{"start":{"line":51,"column":28},"end":{"line":55,"column":null}},"line":51},"8":{"name":"(anonymous_8)","decl":{"start":{"line":54,"column":26},"end":{"line":54,"column":27}},"loc":{"start":{"line":54,"column":36},"end":{"line":54,"column":52}},"line":54},"9":{"name":"isShoeSizesFilled","decl":{"start":{"line":57,"column":11},"end":{"line":57,"column":31}},"loc":{"start":{"line":57,"column":31},"end":{"line":63,"column":null}},"line":57},"10":{"name":"(anonymous_10)","decl":{"start":{"line":60,"column":14},"end":{"line":60,"column":15}},"loc":{"start":{"line":60,"column":25},"end":{"line":60,"column":74}},"line":60},"11":{"name":"checkPlayersAndLanes","decl":{"start":{"line":65,"column":11},"end":{"line":65,"column":34}},"loc":{"start":{"line":65,"column":34},"end":{"line":72,"column":null}},"line":65},"12":{"name":"sendBooking","decl":{"start":{"line":74,"column":17},"end":{"line":74,"column":29}},"loc":{"start":{"line":74,"column":42},"end":{"line":88,"column":null}},"line":74},"13":{"name":"comparePeopleAndShoes","decl":{"start":{"line":90,"column":11},"end":{"line":90,"column":35}},"loc":{"start":{"line":90,"column":35},"end":{"line":92,"column":null}},"line":90},"14":{"name":"saveConfirmation","decl":{"start":{"line":94,"column":11},"end":{"line":94,"column":28}},"loc":{"start":{"line":94,"column":42},"end":{"line":100,"column":null}},"line":94},"15":{"name":"(anonymous_15)","decl":{"start":{"line":95,"column":23},"end":{"line":95,"column":24}},"loc":{"start":{"line":95,"column":36},"end":{"line":99,"column":5}},"line":95},"16":{"name":"book","decl":{"start":{"line":102,"column":17},"end":{"line":102,"column":24}},"loc":{"start":{"line":102,"column":24},"end":{"line":133,"column":null}},"line":102},"17":{"name":"(anonymous_17)","decl":{"start":{"line":124,"column":23},"end":{"line":124,"column":24}},"loc":{"start":{"line":124,"column":33},"end":{"line":124,"column":42}},"line":124}},"branchMap":{"0":{"loc":{"start":{"line":36,"column":4},"end":{"line":42,"column":null}},"type":"if","locations":[{"start":{"line":36,"column":4},"end":{"line":42,"column":null}},{"start":{},"end":{}}],"line":36},"1":{"loc":{"start":{"line":36,"column":8},"end":{"line":36,"column":50}},"type":"binary-expr","locations":[{"start":{"line":36,"column":8},"end":{"line":36,"column":30}},{"start":{"line":36,"column":30},"end":{"line":36,"column":50}}],"line":36},"2":{"loc":{"start":{"line":39,"column":10},"end":{"line":39,"column":null}},"type":"cond-expr","locations":[{"start":{"line":39,"column":29},"end":{"line":39,"column":56}},{"start":{"line":39,"column":56},"end":{"line":39,"column":null}}],"line":39},"3":{"loc":{"start":{"line":60,"column":25},"end":{"line":60,"column":74}},"type":"cond-expr","locations":[{"start":{"line":60,"column":48},"end":{"line":60,"column":58}},{"start":{"line":60,"column":58},"end":{"line":60,"column":74}}],"line":60},"4":{"loc":{"start":{"line":69,"column":4},"end":{"line":69,"column":null}},"type":"if","locations":[{"start":{"line":69,"column":4},"end":{"line":69,"column":null}},{"start":{},"end":{}}],"line":69},"5":{"loc":{"start":{"line":105,"column":4},"end":{"line":113,"column":null}},"type":"if","locations":[{"start":{"line":105,"column":4},"end":{"line":113,"column":null}},{"start":{"line":107,"column":4},"end":{"line":113,"column":null}}],"line":105},"6":{"loc":{"start":{"line":105,"column":8},"end":{"line":105,"column":77}},"type":"binary-expr","locations":[{"start":{"line":105,"column":8},"end":{"line":105,"column":25}},{"start":{"line":105,"column":25},"end":{"line":105,"column":43}},{"start":{"line":105,"column":43},"end":{"line":105,"column":60}},{"start":{"line":105,"column":60},"end":{"line":105,"column":77}}],"line":105},"7":{"loc":{"start":{"line":107,"column":4},"end":{"line":113,"column":null}},"type":"if","locations":[{"start":{"line":107,"column":4},"end":{"line":113,"column":null}},{"start":{"line":109,"column":4},"end":{"line":113,"column":null}}],"line":107},"8":{"loc":{"start":{"line":109,"column":4},"end":{"line":113,"column":null}},"type":"if","locations":[{"start":{"line":109,"column":4},"end":{"line":113,"column":null}},{"start":{"line":111,"column":4},"end":{"line":113,"column":null}}],"line":109},"9":{"loc":{"start":{"line":111,"column":4},"end":{"line":113,"column":null}},"type":"if","locations":[{"start":{"line":111,"column":4},"end":{"line":113,"column":null}},{"start":{},"end":{}}],"line":111},"10":{"loc":{"start":{"line":115,"column":4},"end":{"line":118,"column":null}},"type":"if","locations":[{"start":{"line":115,"column":4},"end":{"line":118,"column":null}},{"start":{},"end":{}}],"line":115},"11":{"loc":{"start":{"line":149,"column":7},"end":{"line":149,"column":null}},"type":"cond-expr","locations":[{"start":{"line":149,"column":15},"end":{"line":149,"column":50}},{"start":{"line":149,"column":50},"end":{"line":149,"column":null}}],"line":149}},"s":{"0":99,"1":99,"2":99,"3":99,"4":31,"5":31,"6":31,"7":31,"8":33,"9":33,"10":33,"11":17,"12":17,"13":61,"14":20,"15":20,"16":1,"17":1,"18":3,"19":2,"20":2,"21":9,"22":2,"23":1,"24":1,"25":1,"26":0,"27":1,"28":0,"29":0,"30":0,"31":3,"32":0,"33":0,"34":0,"35":5,"36":5,"37":2,"38":3,"39":1,"40":2,"41":1,"42":1,"43":1,"44":5,"45":5,"46":5,"47":0,"48":0,"49":0,"50":0,"51":0,"52":99},"f":{"0":99,"1":31,"2":31,"3":33,"4":17,"5":61,"6":20,"7":1,"8":3,"9":2,"10":9,"11":1,"12":0,"13":3,"14":0,"15":0,"16":5,"17":0},"b":{"0":[17,16],"1":[33,17],"2":[17,44],"3":[8,1],"4":[0,1],"5":[2,3],"6":[5,4,3,3],"7":[1,2],"8":[1,1],"9":[1,0],"10":[5,0],"11":[5,94]},"meta":{"lastBranch":12,"lastFunction":18,"lastStatement":53,"seen":{"f:11:9:11:19":0,"s:12:28:17:Infinity":0,"s:18:24:18:Infinity":1,"s:19:24:19:Infinity":2,"s:20:8:20:Infinity":3,"f:22:11:22:32":1,"s:23:28:23:Infinity":4,"s:24:4:24:Infinity":5,"s:26:4:29:Infinity":6,"f:26:15:26:16":2,"s:26:31:29:6":7,"f:32:11:32:22":3,"s:33:28:33:Infinity":8,"s:34:4:34:Infinity":9,"b:36:4:42:Infinity:undefined:undefined:undefined:undefined":0,"s:36:4:42:Infinity":10,"b:36:8:36:30:36:30:36:50":1,"s:37:6:41:Infinity":11,"f:37:15:37:16":4,"s:38:8:40:Infinity":12,"f:38:22:38:23":5,"s:39:10:39:Infinity":13,"b:39:29:39:56:39:56:39:Infinity":2,"f:45:11:45:19":6,"s:46:4:46:Infinity":14,"s:48:4:48:Infinity":15,"f:51:11:51:22":7,"s:52:4:52:Infinity":16,"s:54:4:54:Infinity":17,"f:54:26:54:27":8,"s:54:36:54:52":18,"f:57:11:57:31":9,"s:58:17:58:Infinity":19,"s:60:4:60:Infinity":20,"f:60:14:60:15":10,"s:60:25:60:74":21,"b:60:48:60:58:60:58:60:74":3,"s:62:4:62:Infinity":22,"f:65:11:65:34":11,"s:66:33:66:Infinity":23,"s:67:29:67:Infinity":24,"b:69:4:69:Infinity:undefined:undefined:undefined:undefined":4,"s:69:4:69:Infinity":25,"s:69:44:69:Infinity":26,"s:71:4:71:Infinity":27,"f:74:17:74:29":12,"s:75:21:84:Infinity":28,"s:85:17:85:Infinity":29,"s:87:4:87:Infinity":30,"f:90:11:90:35":13,"s:91:4:91:Infinity":31,"f:94:11:94:28":14,"s:95:4:99:Infinity":32,"f:95:23:95:24":15,"s:96:6:96:Infinity":33,"s:98:6:98:Infinity":34,"f:102:17:102:24":16,"s:103:23:103:Infinity":35,"b:105:4:113:Infinity:107:4:113:Infinity":5,"s:105:4:113:Infinity":36,"b:105:8:105:25:105:25:105:43:105:43:105:60:105:60:105:77":6,"s:106:6:106:Infinity":37,"b:107:4:113:Infinity:109:4:113:Infinity":7,"s:107:4:113:Infinity":38,"s:108:6:108:Infinity":39,"b:109:4:113:Infinity:111:4:113:Infinity":8,"s:109:4:113:Infinity":40,"s:110:6:110:Infinity":41,"b:111:4:113:Infinity:undefined:undefined:undefined:undefined":9,"s:111:4:113:Infinity":42,"s:112:6:112:Infinity":43,"b:115:4:118:Infinity:undefined:undefined:undefined:undefined":10,"s:115:4:118:Infinity":44,"s:116:6:116:Infinity":45,"s:117:6:117:Infinity":46,"s:120:24:125:Infinity":47,"f:124:23:124:24":17,"s:124:33:124:42":48,"s:127:25:127:Infinity":49,"s:128:4:128:Infinity":50,"s:130:4:132:Infinity":51,"s:135:2:150:Infinity":52,"b:149:15:149:50:149:50:149:Infinity":11}}}
,"C:\\Users\\aleck\\individuell-examination-tester\\strajk-bowling\\src\\views\\Booking.scss": {"path":"C:\\Users\\aleck\\individuell-examination-tester\\strajk-bowling\\src\\views\\Booking.scss","statementMap":{},"fnMap":{},"branchMap":{},"s":{},"f":{},"b":{},"meta":{"lastBranch":0,"lastFunction":0,"lastStatement":0,"seen":{}}}
,"C:\\Users\\aleck\\individuell-examination-tester\\strajk-bowling\\src\\views\\Confirmation.jsx": {"path":"C:\\Users\\aleck\\individuell-examination-tester\\strajk-bowling\\src\\views\\Confirmation.jsx","statementMap":{"0":{"start":{"line":9,"column":16},"end":{"line":9,"column":null}},"1":{"start":{"line":12,"column":4},"end":{"line":13,"column":null}},"2":{"start":{"line":15,"column":2},"end":{"line":60,"column":null}}},"fnMap":{"0":{"name":"Confirmation","decl":{"start":{"line":8,"column":9},"end":{"line":8,"column":24}},"loc":{"start":{"line":8,"column":24},"end":{"line":62,"column":null}},"line":8}},"branchMap":{"0":{"loc":{"start":{"line":12,"column":4},"end":{"line":13,"column":null}},"type":"binary-expr","locations":[{"start":{"line":12,"column":4},"end":{"line":12,"column":null}},{"start":{"line":13,"column":4},"end":{"line":13,"column":null}}],"line":12},"1":{"loc":{"start":{"line":19,"column":7},"end":{"line":58,"column":null}},"type":"cond-expr","locations":[{"start":{"line":20,"column":8},"end":{"line":56,"column":null}},{"start":{"line":58,"column":8},"end":{"line":58,"column":null}}],"line":19},"2":{"loc":{"start":{"line":19,"column":7},"end":{"line":19,"column":null}},"type":"binary-expr","locations":[{"start":{"line":19,"column":7},"end":{"line":19,"column":16}},{"start":{"line":19,"column":16},"end":{"line":19,"column":null}}],"line":19}},"s":{"0":0,"1":0,"2":0},"f":{"0":0},"b":{"0":[0,0],"1":[0,0],"2":[0,0]},"meta":{"lastBranch":3,"lastFunction":1,"lastStatement":3,"seen":{"f:8:9:8:24":0,"s:9:16:9:Infinity":0,"s:12:4:13:Infinity":1,"b:12:4:12:Infinity:13:4:13:Infinity":0,"s:15:2:60:Infinity":2,"b:20:8:56:Infinity:58:8:58:Infinity":1,"b:19:7:19:16:19:16:19:Infinity":2}}}
,"C:\\Users\\aleck\\individuell-examination-tester\\strajk-bowling\\src\\views\\Confirmation.scss": {"path":"C:\\Users\\aleck\\individuell-examination-tester\\strajk-bowling\\src\\views\\Confirmation.scss","statementMap":{},"fnMap":{},"branchMap":{},"s":{},"f":{},"b":{},"meta":{"lastBranch":0,"lastFunction":0,"lastStatement":0,"seen":{}}}
}
